<?xml version="1.0" encoding="UTF-8"?>
<!-- Generated by org.testng.reporters.JUnitReportReporter -->
<testsuite hostname="DESKTOP-DC5B0LR" name="Amazon.Action_Amazon" tests="1" failures="0" timestamp="1 Dec 2020 19:54:01 GMT" time="83.932" errors="0">
  <testcase name="homePageNavigation" time="83.932" classname="Amazon.Action_Amazon"/>
</testsuite> <!-- Amazon.Action_Amazon -->
